{"/home/marcusmiguel/personal-projects/validator-cpf-cnpj/src/app.ts": {"path":"/home/marcusmiguel/personal-projects/validator-cpf-cnpj/src/app.ts","statementMap":{"0":{"start":{"line":1,"column":0},"end":{"line":1,"column":66}},"1":{"start":{"line":2,"column":0},"end":{"line":2,"column":33}},"2":{"start":{"line":3,"column":0},"end":{"line":3,"column":42}},"3":{"start":{"line":4,"column":0},"end":{"line":4,"column":49}},"4":{"start":{"line":6,"column":12},"end":{"line":6,"column":21}},"5":{"start":{"line":22,"column":9},"end":{"line":22,"column":12}},"6":{"start":{"line":8,"column":4},"end":{"line":20,"column":null}},"7":{"start":{"line":13,"column":12},"end":{"line":14,"column":null}},"8":{"start":{"line":14,"column":16},"end":{"line":14,"column":null}},"9":{"start":{"line":16,"column":12},"end":{"line":19,"column":null}}},"fnMap":{"0":{"name":"(anonymous_7)","decl":{"start":{"line":12,"column":12},"end":{"line":12,"column":13}},"loc":{"start":{"line":12,"column":85},"end":{"line":20,"column":9}}}},"branchMap":{"0":{"loc":{"start":{"line":13,"column":12},"end":{"line":14,"column":null}},"type":"if","locations":[{"start":{"line":13,"column":12},"end":{"line":14,"column":null}}]}},"s":{"0":1,"1":1,"2":1,"3":1,"4":1,"5":1,"6":1,"7":0,"8":0,"9":0},"f":{"0":0},"b":{"0":[0]}}
,"/home/marcusmiguel/personal-projects/validator-cpf-cnpj/src/server.ts": {"path":"/home/marcusmiguel/personal-projects/validator-cpf-cnpj/src/server.ts","statementMap":{"0":{"start":{"line":1,"column":0},"end":{"line":1,"column":27}},"1":{"start":{"line":3,"column":0},"end":{"line":3,"column":null}},"2":{"start":{"line":3,"column":43},"end":{"line":3,"column":114}}},"fnMap":{"0":{"name":"(anonymous_0)","decl":{"start":{"line":3,"column":37},"end":{"line":3,"column":40}},"loc":{"start":{"line":3,"column":43},"end":{"line":3,"column":114}}}},"branchMap":{"0":{"loc":{"start":{"line":3,"column":11},"end":{"line":3,"column":35}},"type":"binary-expr","locations":[{"start":{"line":3,"column":11},"end":{"line":3,"column":27}},{"start":{"line":3,"column":31},"end":{"line":3,"column":35}}]},"1":{"loc":{"start":{"line":3,"column":75},"end":{"line":3,"column":99}},"type":"binary-expr","locations":[{"start":{"line":3,"column":75},"end":{"line":3,"column":91}},{"start":{"line":3,"column":95},"end":{"line":3,"column":99}}]}},"s":{"0":0,"1":0,"2":0},"f":{"0":0},"b":{"0":[0,0],"1":[0,0]}}
,"/home/marcusmiguel/personal-projects/validator-cpf-cnpj/src/controller/validateController.ts": {"path":"/home/marcusmiguel/personal-projects/validator-cpf-cnpj/src/controller/validateController.ts","statementMap":{"0":{"start":{"line":2,"column":0},"end":{"line":2,"column":65}},"1":{"start":{"line":3,"column":0},"end":{"line":3,"column":57}},"2":{"start":{"line":8,"column":31},"end":{"line":8,"column":41}},"3":{"start":{"line":10,"column":8},"end":{"line":11,"column":null}},"4":{"start":{"line":11,"column":12},"end":{"line":11,"column":null}},"5":{"start":{"line":13,"column":8},"end":{"line":14,"column":null}},"6":{"start":{"line":14,"column":12},"end":{"line":14,"column":null}},"7":{"start":{"line":16,"column":21},"end":{"line":16,"column":63}},"8":{"start":{"line":18,"column":8},"end":{"line":19,"column":null}},"9":{"start":{"line":19,"column":12},"end":{"line":19,"column":null}},"10":{"start":{"line":21,"column":8},"end":{"line":21,"column":null}},"11":{"start":{"line":5,"column":0},"end":{"line":5,"column":21}}},"fnMap":{"0":{"name":"(anonymous_8)","decl":{"start":{"line":6,"column":10},"end":{"line":6,"column":16}},"loc":{"start":{"line":6,"column":44},"end":{"line":22,"column":null}}}},"branchMap":{"0":{"loc":{"start":{"line":10,"column":8},"end":{"line":11,"column":null}},"type":"if","locations":[{"start":{"line":10,"column":8},"end":{"line":11,"column":null}}]},"1":{"loc":{"start":{"line":13,"column":8},"end":{"line":14,"column":null}},"type":"if","locations":[{"start":{"line":13,"column":8},"end":{"line":14,"column":null}}]},"2":{"loc":{"start":{"line":18,"column":8},"end":{"line":19,"column":null}},"type":"if","locations":[{"start":{"line":18,"column":8},"end":{"line":19,"column":null}}]},"3":{"loc":{"start":{"line":19,"column":54},"end":{"line":19,"column":94}},"type":"cond-expr","locations":[{"start":{"line":19,"column":80},"end":{"line":19,"column":85}},{"start":{"line":19,"column":88},"end":{"line":19,"column":94}}]},"4":{"loc":{"start":{"line":21,"column":50},"end":{"line":21,"column":90}},"type":"cond-expr","locations":[{"start":{"line":21,"column":76},"end":{"line":21,"column":81}},{"start":{"line":21,"column":84},"end":{"line":21,"column":90}}]}},"s":{"0":1,"1":1,"2":8,"3":8,"4":2,"5":6,"6":2,"7":4,"8":4,"9":2,"10":2,"11":1},"f":{"0":8},"b":{"0":[2],"1":[2],"2":[2],"3":[1,1],"4":[1,1]}}
,"/home/marcusmiguel/personal-projects/validator-cpf-cnpj/src/routes/index.ts": {"path":"/home/marcusmiguel/personal-projects/validator-cpf-cnpj/src/routes/index.ts","statementMap":{"0":{"start":{"line":1,"column":0},"end":{"line":1,"column":32}},"1":{"start":{"line":2,"column":0},"end":{"line":2,"column":23}},"2":{"start":{"line":4,"column":0},"end":{"line":4,"column":65}},"3":{"start":{"line":6,"column":15},"end":{"line":6,"column":23}},"4":{"start":{"line":13,"column":9},"end":{"line":13,"column":15}},"5":{"start":{"line":7,"column":0},"end":{"line":7,"column":null}},"6":{"start":{"line":9,"column":0},"end":{"line":11,"column":null}}},"fnMap":{},"branchMap":{},"s":{"0":1,"1":1,"2":1,"3":1,"4":1,"5":1,"6":1},"f":{},"b":{}}
,"/home/marcusmiguel/personal-projects/validator-cpf-cnpj/src/services/validateService.ts": {"path":"/home/marcusmiguel/personal-projects/validator-cpf-cnpj/src/services/validateService.ts","statementMap":{"0":{"start":{"line":1,"column":0},"end":{"line":1,"column":40}},"1":{"start":{"line":6,"column":8},"end":{"line":9,"column":null}},"2":{"start":{"line":7,"column":12},"end":{"line":7,"column":null}},"3":{"start":{"line":9,"column":12},"end":{"line":9,"column":null}},"4":{"start":{"line":3,"column":0},"end":{"line":3,"column":21}}},"fnMap":{"0":{"name":"(anonymous_0)","decl":{"start":{"line":4,"column":4},"end":{"line":4,"column":12}},"loc":{"start":{"line":4,"column":25},"end":{"line":10,"column":5}}}},"branchMap":{"0":{"loc":{"start":{"line":6,"column":8},"end":{"line":9,"column":null}},"type":"if","locations":[{"start":{"line":6,"column":8},"end":{"line":9,"column":null}},{"start":{"line":9,"column":12},"end":{"line":9,"column":null}}]}},"s":{"0":1,"1":4,"2":2,"3":2,"4":1},"f":{"0":4},"b":{"0":[2,2]}}
,"/home/marcusmiguel/personal-projects/validator-cpf-cnpj/src/utils/index.ts": {"path":"/home/marcusmiguel/personal-projects/validator-cpf-cnpj/src/utils/index.ts","statementMap":{"0":{"start":{"line":2,"column":18},"end":{"line":2,"column":28}},"1":{"start":{"line":3,"column":4},"end":{"line":3,"column":null}},"2":{"start":{"line":99,"column":4},"end":{"line":99,"column":18}},"3":{"start":{"line":7,"column":18},"end":{"line":7,"column":39}},"4":{"start":{"line":8,"column":4},"end":{"line":8,"column":null}},"5":{"start":{"line":100,"column":4},"end":{"line":100,"column":18}},"6":{"start":{"line":13,"column":22},"end":{"line":13,"column":62}},"7":{"start":{"line":14,"column":23},"end":{"line":14,"column":54}},"8":{"start":{"line":16,"column":23},"end":{"line":16,"column":63}},"9":{"start":{"line":17,"column":24},"end":{"line":17,"column":55}},"10":{"start":{"line":19,"column":26},"end":{"line":19,"column":27}},"11":{"start":{"line":25,"column":4},"end":{"line":29,"column":null}},"12":{"start":{"line":26,"column":20},"end":{"line":26,"column":45}},"13":{"start":{"line":27,"column":8},"end":{"line":27,"column":null}},"14":{"start":{"line":28,"column":8},"end":{"line":28,"column":null}},"15":{"start":{"line":31,"column":4},"end":{"line":31,"column":null}},"16":{"start":{"line":32,"column":4},"end":{"line":32,"column":null}},"17":{"start":{"line":34,"column":4},"end":{"line":34,"column":null}},"18":{"start":{"line":36,"column":4},"end":{"line":40,"column":null}},"19":{"start":{"line":37,"column":20},"end":{"line":37,"column":45}},"20":{"start":{"line":38,"column":8},"end":{"line":38,"column":null}},"21":{"start":{"line":39,"column":8},"end":{"line":39,"column":null}},"22":{"start":{"line":42,"column":4},"end":{"line":42,"column":null}},"23":{"start":{"line":43,"column":4},"end":{"line":43,"column":null}},"24":{"start":{"line":45,"column":4},"end":{"line":48,"column":null}},"25":{"start":{"line":46,"column":8},"end":{"line":46,"column":null}},"26":{"start":{"line":48,"column":8},"end":{"line":48,"column":null}},"27":{"start":{"line":102,"column":4},"end":{"line":102,"column":10}},"28":{"start":{"line":53,"column":22},"end":{"line":53,"column":51}},"29":{"start":{"line":54,"column":23},"end":{"line":54,"column":53}},"30":{"start":{"line":56,"column":23},"end":{"line":56,"column":53}},"31":{"start":{"line":57,"column":24},"end":{"line":57,"column":55}},"32":{"start":{"line":59,"column":26},"end":{"line":59,"column":28}},"33":{"start":{"line":65,"column":4},"end":{"line":69,"column":null}},"34":{"start":{"line":66,"column":20},"end":{"line":66,"column":45}},"35":{"start":{"line":67,"column":8},"end":{"line":67,"column":null}},"36":{"start":{"line":68,"column":8},"end":{"line":68,"column":null}},"37":{"start":{"line":71,"column":4},"end":{"line":71,"column":null}},"38":{"start":{"line":72,"column":4},"end":{"line":72,"column":null}},"39":{"start":{"line":74,"column":4},"end":{"line":74,"column":null}},"40":{"start":{"line":76,"column":4},"end":{"line":80,"column":10}},"41":{"start":{"line":77,"column":20},"end":{"line":77,"column":45}},"42":{"start":{"line":78,"column":8},"end":{"line":78,"column":null}},"43":{"start":{"line":79,"column":8},"end":{"line":79,"column":null}},"44":{"start":{"line":82,"column":4},"end":{"line":82,"column":null}},"45":{"start":{"line":83,"column":4},"end":{"line":83,"column":null}},"46":{"start":{"line":85,"column":4},"end":{"line":88,"column":null}},"47":{"start":{"line":86,"column":8},"end":{"line":86,"column":null}},"48":{"start":{"line":88,"column":8},"end":{"line":88,"column":null}},"49":{"start":{"line":101,"column":4},"end":{"line":101,"column":9}},"50":{"start":{"line":92,"column":4},"end":{"line":93,"column":null}},"51":{"start":{"line":93,"column":8},"end":{"line":93,"column":null}},"52":{"start":{"line":95,"column":4},"end":{"line":95,"column":null}},"53":{"start":{"line":103,"column":4},"end":{"line":103,"column":10}}},"fnMap":{"0":{"name":"existCharacter","decl":{"start":{"line":1,"column":9},"end":{"line":1,"column":23}},"loc":{"start":{"line":1,"column":36},"end":{"line":4,"column":1}}},"1":{"name":"countCharacter","decl":{"start":{"line":6,"column":9},"end":{"line":6,"column":23}},"loc":{"start":{"line":6,"column":36},"end":{"line":9,"column":1}}},"2":{"name":"isCNPJ","decl":{"start":{"line":11,"column":9},"end":{"line":11,"column":15}},"loc":{"start":{"line":11,"column":28},"end":{"line":49,"column":1}}},"3":{"name":"(anonymous_3)","decl":{"start":{"line":25,"column":33},"end":{"line":25,"column":34}},"loc":{"start":{"line":25,"column":50},"end":{"line":29,"column":5}}},"4":{"name":"(anonymous_4)","decl":{"start":{"line":36,"column":34},"end":{"line":36,"column":35}},"loc":{"start":{"line":36,"column":51},"end":{"line":40,"column":5}}},"5":{"name":"isCPF","decl":{"start":{"line":51,"column":9},"end":{"line":51,"column":14}},"loc":{"start":{"line":51,"column":27},"end":{"line":89,"column":1}}},"6":{"name":"(anonymous_6)","decl":{"start":{"line":65,"column":33},"end":{"line":65,"column":34}},"loc":{"start":{"line":65,"column":50},"end":{"line":69,"column":5}}},"7":{"name":"(anonymous_7)","decl":{"start":{"line":76,"column":34},"end":{"line":76,"column":35}},"loc":{"start":{"line":76,"column":51},"end":{"line":80,"column":5}}},"8":{"name":"format","decl":{"start":{"line":91,"column":9},"end":{"line":91,"column":15}},"loc":{"start":{"line":91,"column":28},"end":{"line":96,"column":1}}}},"branchMap":{"0":{"loc":{"start":{"line":27,"column":18},"end":{"line":27,"column":49}},"type":"cond-expr","locations":[{"start":{"line":27,"column":34},"end":{"line":27,"column":35}},{"start":{"line":27,"column":38},"end":{"line":27,"column":49}}]},"1":{"loc":{"start":{"line":32,"column":14},"end":{"line":32,"column":35}},"type":"cond-expr","locations":[{"start":{"line":32,"column":27},"end":{"line":32,"column":28}},{"start":{"line":32,"column":31},"end":{"line":32,"column":35}}]},"2":{"loc":{"start":{"line":38,"column":18},"end":{"line":38,"column":49}},"type":"cond-expr","locations":[{"start":{"line":38,"column":34},"end":{"line":38,"column":35}},{"start":{"line":38,"column":38},"end":{"line":38,"column":49}}]},"3":{"loc":{"start":{"line":43,"column":15},"end":{"line":43,"column":36}},"type":"cond-expr","locations":[{"start":{"line":43,"column":28},"end":{"line":43,"column":29}},{"start":{"line":43,"column":32},"end":{"line":43,"column":36}}]},"4":{"loc":{"start":{"line":45,"column":4},"end":{"line":48,"column":null}},"type":"if","locations":[{"start":{"line":45,"column":4},"end":{"line":48,"column":null}},{"start":{"line":48,"column":8},"end":{"line":48,"column":null}}]},"5":{"loc":{"start":{"line":45,"column":8},"end":{"line":45,"column":58}},"type":"binary-expr","locations":[{"start":{"line":45,"column":8},"end":{"line":45,"column":30}},{"start":{"line":45,"column":34},"end":{"line":45,"column":58}}]},"6":{"loc":{"start":{"line":72,"column":14},"end":{"line":72,"column":35}},"type":"cond-expr","locations":[{"start":{"line":72,"column":27},"end":{"line":72,"column":28}},{"start":{"line":72,"column":31},"end":{"line":72,"column":35}}]},"7":{"loc":{"start":{"line":83,"column":15},"end":{"line":83,"column":36}},"type":"cond-expr","locations":[{"start":{"line":83,"column":28},"end":{"line":83,"column":29}},{"start":{"line":83,"column":32},"end":{"line":83,"column":36}}]},"8":{"loc":{"start":{"line":85,"column":4},"end":{"line":88,"column":null}},"type":"if","locations":[{"start":{"line":85,"column":4},"end":{"line":88,"column":null}},{"start":{"line":88,"column":8},"end":{"line":88,"column":null}}]},"9":{"loc":{"start":{"line":85,"column":8},"end":{"line":85,"column":58}},"type":"binary-expr","locations":[{"start":{"line":85,"column":8},"end":{"line":85,"column":30}},{"start":{"line":85,"column":34},"end":{"line":85,"column":58}}]},"10":{"loc":{"start":{"line":92,"column":4},"end":{"line":93,"column":null}},"type":"if","locations":[{"start":{"line":92,"column":4},"end":{"line":93,"column":null}}]}},"s":{"0":8,"1":8,"2":3,"3":6,"4":6,"5":3,"6":6,"7":6,"8":6,"9":6,"10":6,"11":6,"12":72,"13":72,"14":72,"15":6,"16":6,"17":6,"18":6,"19":78,"20":78,"21":78,"22":6,"23":6,"24":6,"25":3,"26":3,"27":3,"28":6,"29":6,"30":6,"31":6,"32":6,"33":6,"34":54,"35":54,"36":54,"37":6,"38":6,"39":6,"40":6,"41":60,"42":60,"43":60,"44":6,"45":6,"46":6,"47":3,"48":3,"49":3,"50":4,"51":2,"52":2,"53":3},"f":{"0":8,"1":6,"2":6,"3":72,"4":78,"5":6,"6":54,"7":60,"8":4},"b":{"0":[6,66],"1":[0,6],"2":[6,72],"3":[1,5],"4":[3,3],"5":[6,3],"6":[4,2],"7":[1,5],"8":[3,3],"9":[6,3],"10":[2]}}
}
