TN:
SF:src/app.ts
FN:12,(anonymous_7)
FNF:1
FNH:0
FNDA:0,(anonymous_7)
DA:1,1
DA:2,1
DA:3,1
DA:4,1
DA:6,1
DA:8,1
DA:13,0
DA:14,0
DA:16,0
DA:22,1
LF:10
LH:7
BRDA:13,0,0,0
BRF:1
BRH:0
end_of_record
TN:
SF:src/server.ts
FN:3,(anonymous_0)
FNF:1
FNH:0
FNDA:0,(anonymous_0)
DA:1,0
DA:3,0
LF:2
LH:0
BRDA:3,0,0,0
BRDA:3,0,1,0
BRDA:3,1,0,0
BRDA:3,1,1,0
BRF:4
BRH:0
end_of_record
TN:
SF:src/controller/validateController.ts
FN:6,(anonymous_8)
FNF:1
FNH:1
FNDA:8,(anonymous_8)
DA:2,1
DA:3,1
DA:5,1
DA:8,8
DA:10,8
DA:11,2
DA:13,6
DA:14,2
DA:16,4
DA:18,4
DA:19,2
DA:21,2
LF:12
LH:12
BRDA:10,0,0,2
BRDA:13,1,0,2
BRDA:18,2,0,2
BRDA:19,3,0,1
BRDA:19,3,1,1
BRDA:21,4,0,1
BRDA:21,4,1,1
BRF:7
BRH:7
end_of_record
TN:
SF:src/routes/index.ts
FNF:0
FNH:0
DA:1,1
DA:2,1
DA:4,1
DA:6,1
DA:7,1
DA:9,1
DA:13,1
LF:7
LH:7
BRF:0
BRH:0
end_of_record
TN:
SF:src/services/validateService.ts
FN:4,(anonymous_0)
FNF:1
FNH:1
FNDA:4,(anonymous_0)
DA:1,1
DA:3,1
DA:6,4
DA:7,2
DA:9,2
LF:5
LH:5
BRDA:6,0,0,2
BRDA:6,0,1,2
BRF:2
BRH:2
end_of_record
TN:
SF:src/utils/index.ts
FN:1,existCharacter
FN:6,countCharacter
FN:11,isCNPJ
FN:25,(anonymous_3)
FN:36,(anonymous_4)
FN:51,isCPF
FN:65,(anonymous_6)
FN:76,(anonymous_7)
FN:91,format
FNF:9
FNH:9
FNDA:8,existCharacter
FNDA:6,countCharacter
FNDA:6,isCNPJ
FNDA:72,(anonymous_3)
FNDA:78,(anonymous_4)
FNDA:6,isCPF
FNDA:54,(anonymous_6)
FNDA:60,(anonymous_7)
FNDA:4,format
DA:2,8
DA:3,8
DA:7,6
DA:8,6
DA:13,6
DA:14,6
DA:16,6
DA:17,6
DA:19,6
DA:25,6
DA:26,72
DA:27,72
DA:28,72
DA:31,6
DA:32,6
DA:34,6
DA:36,6
DA:37,78
DA:38,78
DA:39,78
DA:42,6
DA:43,6
DA:45,6
DA:46,3
DA:48,3
DA:53,6
DA:54,6
DA:56,6
DA:57,6
DA:59,6
DA:65,6
DA:66,54
DA:67,54
DA:68,54
DA:71,6
DA:72,6
DA:74,6
DA:76,6
DA:77,60
DA:78,60
DA:79,60
DA:82,6
DA:83,6
DA:85,6
DA:86,3
DA:88,3
DA:92,4
DA:93,2
DA:95,2
DA:99,3
DA:100,3
DA:101,3
DA:102,3
DA:103,3
LF:54
LH:54
BRDA:27,0,0,6
BRDA:27,0,1,66
BRDA:32,1,0,0
BRDA:32,1,1,6
BRDA:38,2,0,6
BRDA:38,2,1,72
BRDA:43,3,0,1
BRDA:43,3,1,5
BRDA:45,4,0,3
BRDA:45,4,1,3
BRDA:45,5,0,6
BRDA:45,5,1,3
BRDA:72,6,0,4
BRDA:72,6,1,2
BRDA:83,7,0,1
BRDA:83,7,1,5
BRDA:85,8,0,3
BRDA:85,8,1,3
BRDA:85,9,0,6
BRDA:85,9,1,3
BRDA:92,10,0,2
BRF:21
BRH:20
end_of_record
